<?xml version="1.0" encoding="UTF-8"?>
<!-- Generated by org.testng.reporters.JUnitReportReporter -->
<testsuite hostname="SAGITEC-2619" failures="0" tests="1" name="Generic_Library.NewTest" time="0.011" errors="0" timestamp="2023-08-06T20:06:13 IST" skipped="0">
  <testcase classname="Generic_Library.NewTest" name="f" time="0.011"/>
  <system-out/>
</testsuite> <!-- Generic_Library.NewTest -->
